<?xml version="1.0" encoding="UTF-8"?>
<!-- Generated by org.testng.reporters.JUnitXMLReporter -->
<testsuite hostname="Vinays-MacBook-Pro.local" name="Test" tests="8" failures="0" timestamp="2 Oct 2019 02:45:05 GMT" time="0.168" errors="0">
  <testcase name="c" time="0.055" classname="practice.SampleTest"/>
  <testcase name="a" time="0.016" classname="practice.SampleTest"/>
  <testcase name="d" time="0.007" classname="practice.SampleTest"/>
  <testcase name="b" time="0.003" classname="practice.SampleTest"/>
  <testcase name="c" time="0.011" classname="practice.SampleTest2"/>
  <testcase name="a" time="0.001" classname="practice.SampleTest2"/>
  <testcase name="d" time="0.006" classname="practice.SampleTest2"/>
  <testcase name="b" time="0.002" classname="practice.SampleTest2"/>
</testsuite> <!-- Test -->
