<?xml version="1.0" encoding="UTF-8"?>
<testng-results skipped="0" failed="0" total="8" passed="8">
  <reporter-output>
  </reporter-output>
  <suite name="Suite" duration-ms="168" started-at="2019-10-02T02:45:04Z" finished-at="2019-10-02T02:45:04Z">
    <groups>
    </groups>
    <test name="Test" duration-ms="168" started-at="2019-10-02T02:45:04Z" finished-at="2019-10-02T02:45:04Z">
      <class name="practice.SampleTest">
        <test-method status="PASS" signature="c()[pri:1, instance:practice.SampleTest@5419f379]" name="c" duration-ms="55" started-at="2019-10-02T08:15:04Z" description="This description" finished-at="2019-10-02T08:15:04Z">
          <reporter-output>
          </reporter-output>
        </test-method> <!-- c -->
        <test-method status="PASS" signature="afterMethod()[pri:0, instance:practice.SampleTest@5419f379]" name="afterMethod" is-config="true" duration-ms="1" started-at="2019-10-02T08:15:04Z" finished-at="2019-10-02T08:15:04Z">
          <reporter-output>
          </reporter-output>
        </test-method> <!-- afterMethod -->
        <test-method status="PASS" signature="a()[pri:3, instance:practice.SampleTest@5419f379]" name="a" duration-ms="16" started-at="2019-10-02T08:15:04Z" finished-at="2019-10-02T08:15:04Z">
          <reporter-output>
          </reporter-output>
        </test-method> <!-- a -->
        <test-method status="PASS" signature="afterMethod()[pri:0, instance:practice.SampleTest@5419f379]" name="afterMethod" is-config="true" duration-ms="0" started-at="2019-10-02T08:15:04Z" finished-at="2019-10-02T08:15:04Z">
          <reporter-output>
          </reporter-output>
        </test-method> <!-- afterMethod -->
        <test-method status="PASS" signature="d()[pri:4, instance:practice.SampleTest@5419f379]" name="d" duration-ms="7" started-at="2019-10-02T08:15:04Z" finished-at="2019-10-02T08:15:04Z">
          <reporter-output>
          </reporter-output>
        </test-method> <!-- d -->
        <test-method status="PASS" signature="afterMethod()[pri:0, instance:practice.SampleTest@5419f379]" name="afterMethod" is-config="true" duration-ms="1" started-at="2019-10-02T08:15:04Z" finished-at="2019-10-02T08:15:04Z">
          <reporter-output>
          </reporter-output>
        </test-method> <!-- afterMethod -->
        <test-method status="PASS" signature="b()[pri:2, instance:practice.SampleTest@5419f379]" name="b" duration-ms="3" started-at="2019-10-02T08:15:04Z" depends-on-methods="practice.SampleTest.c" finished-at="2019-10-02T08:15:04Z">
          <reporter-output>
          </reporter-output>
        </test-method> <!-- b -->
        <test-method status="PASS" signature="afterMethod()[pri:0, instance:practice.SampleTest@5419f379]" name="afterMethod" is-config="true" duration-ms="1" started-at="2019-10-02T08:15:04Z" finished-at="2019-10-02T08:15:04Z">
          <reporter-output>
          </reporter-output>
        </test-method> <!-- afterMethod -->
      </class> <!-- practice.SampleTest -->
      <class name="practice.SampleTest2">
        <test-method status="PASS" signature="c()[pri:1, instance:practice.SampleTest2@7dc7cbad]" name="c" duration-ms="11" started-at="2019-10-02T08:15:04Z" description="This description" finished-at="2019-10-02T08:15:04Z">
          <reporter-output>
          </reporter-output>
        </test-method> <!-- c -->
        <test-method status="PASS" signature="afterMethod()[pri:0, instance:practice.SampleTest2@7dc7cbad]" name="afterMethod" is-config="true" duration-ms="0" started-at="2019-10-02T08:15:04Z" finished-at="2019-10-02T08:15:04Z">
          <reporter-output>
          </reporter-output>
        </test-method> <!-- afterMethod -->
        <test-method status="PASS" signature="a()[pri:3, instance:practice.SampleTest2@7dc7cbad]" name="a" duration-ms="1" started-at="2019-10-02T08:15:04Z" finished-at="2019-10-02T08:15:04Z">
          <reporter-output>
          </reporter-output>
        </test-method> <!-- a -->
        <test-method status="PASS" signature="afterMethod()[pri:0, instance:practice.SampleTest2@7dc7cbad]" name="afterMethod" is-config="true" duration-ms="0" started-at="2019-10-02T08:15:04Z" finished-at="2019-10-02T08:15:04Z">
          <reporter-output>
          </reporter-output>
        </test-method> <!-- afterMethod -->
        <test-method status="PASS" signature="d()[pri:4, instance:practice.SampleTest2@7dc7cbad]" name="d" duration-ms="6" started-at="2019-10-02T08:15:04Z" finished-at="2019-10-02T08:15:04Z">
          <reporter-output>
          </reporter-output>
        </test-method> <!-- d -->
        <test-method status="PASS" signature="afterMethod()[pri:0, instance:practice.SampleTest2@7dc7cbad]" name="afterMethod" is-config="true" duration-ms="1" started-at="2019-10-02T08:15:04Z" finished-at="2019-10-02T08:15:04Z">
          <reporter-output>
          </reporter-output>
        </test-method> <!-- afterMethod -->
        <test-method status="PASS" signature="b()[pri:2, instance:practice.SampleTest2@7dc7cbad]" name="b" duration-ms="2" started-at="2019-10-02T08:15:04Z" depends-on-methods="practice.SampleTest2.c" finished-at="2019-10-02T08:15:04Z">
          <reporter-output>
          </reporter-output>
        </test-method> <!-- b -->
        <test-method status="PASS" signature="afterMethod()[pri:0, instance:practice.SampleTest2@7dc7cbad]" name="afterMethod" is-config="true" duration-ms="0" started-at="2019-10-02T08:15:04Z" finished-at="2019-10-02T08:15:04Z">
          <reporter-output>
          </reporter-output>
        </test-method> <!-- afterMethod -->
      </class> <!-- practice.SampleTest2 -->
    </test> <!-- Test -->
  </suite> <!-- Suite -->
</testng-results>
